<?xml version="1.0" encoding="UTF-8"?>
<!-- Generated by org.testng.reporters.JUnitXMLReporter -->
<testsuite ignored="0" hostname="LIN-PF1PDP1B" failures="0" tests="4" name="Test12" time="4.756" errors="0" timestamp="2024-05-17T12:42:25 IST">
  <testcase classname="com.restassured.restassured.GetuserListTestng" name="getData" time="2.667"/>
  <testcase classname="com.restassured.restassured.GetuserListTestng" name="addData" time="0.449"/>
  <testcase classname="com.restassured.restassured.GetuserListTestng" name="addData" time="0.525"/>
  <testcase classname="com.restassured.restassured.GetuserListTestng" name="addData" time="0.447"/>
</testsuite> <!-- Test12 -->
