<?xml version="1.0" encoding="UTF-8"?>
<testng-results ignored="0" total="3" passed="3" failed="0" skipped="0">
  <reporter-output>
  </reporter-output>
  <suite started-at="2024-05-27T15:43:04 IST" name="Default suite" finished-at="2024-05-27T15:43:08 IST" duration-ms="4927">
    <groups>
      <group name="cucumber">
        <method signature="AbstractTestNGCucumberTests.runScenario(io.cucumber.testng.PickleWrapper,io.cucumber.testng.FeatureWrapper)[pri:0, instance:TestRunner.Testrunner1@76494737]" name="runScenario" class="io.cucumber.testng.AbstractTestNGCucumberTests"/>
      </group> <!-- cucumber -->
    </groups>
    <test started-at="2024-05-27T15:43:04 IST" name="Default test" finished-at="2024-05-27T15:43:08 IST" duration-ms="4927">
      <class name="TestRunner.Testrunner1">
        <test-method is-config="true" signature="setUpClass(org.testng.ITestContext)[pri:0, instance:TestRunner.Testrunner1@76494737]" started-at="2024-05-27T15:43:04 IST" name="setUpClass" finished-at="2024-05-27T15:43:04 IST" duration-ms="875" status="PASS">
          <params>
            <param index="0">
              <value>
                <![CDATA[org.testng.TestRunner@24e1e90a]]>
              </value>
            </param>
          </params>
          <reporter-output>
          </reporter-output>
        </test-method> <!-- setUpClass -->
        <test-method signature="runScenario(io.cucumber.testng.PickleWrapper,io.cucumber.testng.FeatureWrapper)[pri:0, instance:TestRunner.Testrunner1@76494737]" started-at="2024-05-27T15:43:04 IST" name="runScenario" description="Runs Cucumber Scenarios" data-provider="scenarios" finished-at="2024-05-27T15:43:07 IST" duration-ms="2694" status="PASS">
          <params>
            <param index="0">
              <value>
                <![CDATA["Add user"]]>
              </value>
            </param>
            <param index="1">
              <value>
                <![CDATA["Adding the users to list"]]>
              </value>
            </param>
          </params>
          <reporter-output>
          </reporter-output>
        </test-method> <!-- runScenario -->
        <test-method signature="runScenario(io.cucumber.testng.PickleWrapper,io.cucumber.testng.FeatureWrapper)[pri:0, instance:TestRunner.Testrunner1@76494737]" started-at="2024-05-27T15:43:07 IST" name="runScenario" description="Runs Cucumber Scenarios" data-provider="scenarios" finished-at="2024-05-27T15:43:08 IST" duration-ms="415" status="PASS">
          <params>
            <param index="0">
              <value>
                <![CDATA["Add user"]]>
              </value>
            </param>
            <param index="1">
              <value>
                <![CDATA["Adding the users to list"]]>
              </value>
            </param>
          </params>
          <reporter-output>
          </reporter-output>
        </test-method> <!-- runScenario -->
        <test-method signature="runScenario(io.cucumber.testng.PickleWrapper,io.cucumber.testng.FeatureWrapper)[pri:0, instance:TestRunner.Testrunner1@76494737]" started-at="2024-05-27T15:43:08 IST" name="runScenario" description="Runs Cucumber Scenarios" data-provider="scenarios" finished-at="2024-05-27T15:43:08 IST" duration-ms="483" status="PASS">
          <params>
            <param index="0">
              <value>
                <![CDATA["Update the user"]]>
              </value>
            </param>
            <param index="1">
              <value>
                <![CDATA["Adding the users to list"]]>
              </value>
            </param>
          </params>
          <reporter-output>
          </reporter-output>
        </test-method> <!-- runScenario -->
        <test-method is-config="true" signature="tearDownClass()[pri:0, instance:TestRunner.Testrunner1@76494737]" started-at="2024-05-27T15:43:08 IST" name="tearDownClass" finished-at="2024-05-27T15:43:08 IST" duration-ms="408" status="PASS">
          <reporter-output>
          </reporter-output>
        </test-method> <!-- tearDownClass -->
      </class> <!-- TestRunner.Testrunner1 -->
    </test> <!-- Default test -->
  </suite> <!-- Default suite -->
</testng-results>
